**********************
Windows PowerShell transcript start
Start time: 20260314213125
Username: MARTHA\ppala
RunAs User: MARTHA\ppala
Configuration Name: 
Machine: MARTHA (Microsoft Windows NT 10.0.26200.0)
Host Application: PowerShell -ExecutionPolicy Bypass -File C:\Dropbox\01. Brain\11. GitHub\ShakerMaker\shakermaker_windows_compilation_files\SCRIPTS\01_shakermaker_setup.ps1
Process ID: 7920
PSVersion: 5.1.26100.7920
PSEdition: Desktop
PSCompatibleVersions: 1.0, 2.0, 3.0, 4.0, 5.0, 5.1.26100.7920
BuildVersion: 10.0.26100.7920
CLRVersion: 4.0.30319.42000
WSManStackVersion: 3.0
PSRemotingProtocolVersion: 2.3
SerializationVersion: 1.1.0.1
**********************

======================================================================
  STEP 0 - Clean stale sitecustomize.py
======================================================================
        Removed stale sitecustomize.py from Python base: C:\Users\ppala\AppData\Local\Programs\Python\Python310\Lib\site-packages\sitecustomize.py
  [OK]  Clean sitecustomize.py written to Python base

======================================================================
  STEP 1 - System Checklist
======================================================================
  [OK]  Git found: git version 2.53.0.windows.2
  [OK]  Python 3.10 found: Python 3.10.11
  [OK]  Visual Studio 2022 Community found
  [OK]  Intel oneAPI Base Toolkit found (MKL present)
  [OK]  Intel oneAPI HPC Toolkit found (ifx present)

======================================================================
  STEP 2 - Virtual Environment
======================================================================
  [--]  Virtual environment shakermaker_venv not found - will create it
        Path: C:\Users\ppala\shakermaker_venv

======================================================================
  STEP 3 - Python Dependencies Checklist
======================================================================
        Virtual environment not yet created - all deps will be installed after

======================================================================
  STEP 4 - Installation Summary
======================================================================

  System components to install:
    - VirtualEnv

  Python packages to install/update:
    - numpy==1.26.4
    - setuptools
    - wheel
    - h5py
    - mpi4py
    - matplotlib
    - scipy

  Virtual environment : shakermaker_venv
  Location            : C:\Users\ppala\shakermaker_venv


======================================================================
  STEP 5 - Installing System Components
======================================================================
  Creating virtual environment shakermaker_venv ...

  [OK]  Virtual environment created at C:\Users\ppala\shakermaker_venv

======================================================================
  STEP 6 - Upgrading pip
======================================================================

  [OK]  pip upgraded: pip 26.0.1 from C:\Users\ppala\shakermaker_venv\lib\site-packages\pip (python 3.10)

======================================================================
  STEP 7 - Installing Python Dependencies
======================================================================
  Installing numpy==1.26.4 ...

  [OK]  numpy==1.26.4 installed
  Installing setuptools ...

  [OK]  setuptools installed
  Installing wheel ...

  [OK]  wheel installed
  Installing h5py ...

  [OK]  h5py installed
  Installing mpi4py ...

  [OK]  mpi4py installed
  Installing matplotlib ...

  [OK]  matplotlib installed
  Installing scipy ...

  [OK]  scipy installed

======================================================================
  STEP 8 - Fix Python Base sitecustomize.py
======================================================================
        Removed stale sitecustomize.py from Python base
  [OK]  sitecustomize.py written to Python base: C:\Users\ppala\AppData\Local\Programs\Python\Python310\Lib\site-packages\sitecustomize.py

======================================================================
  STEP 9 - Final Verification
======================================================================
  [OK]  Virtual env Python: Python 3.10.11
  [OK]  numpy 1.26.4
  [OK]  setuptools 65.5.0
  [OK]  wheel 0.46.3
  [OK]  h5py 3.16.0
  [OK]  mpi4py 4.1.1
  [OK]  matplotlib 3.10.8
  [OK]  scipy 1.15.3

======================================================================
  Setup complete!
  Venv : shakermaker_venv  at  C:\Users\ppala\shakermaker_venv
  Log  : C:\Users\ppala\shakermaker_setup.log
  Next : Run Step 2 - Junction Setup
======================================================================

**********************
Windows PowerShell transcript end
End time: 20260314213206
**********************
**********************
Windows PowerShell transcript start
Start time: 20260314213207
Username: MARTHA\ppala
RunAs User: MARTHA\ppala
Configuration Name: 
Machine: MARTHA (Microsoft Windows NT 10.0.26200.0)
Host Application: PowerShell -ExecutionPolicy Bypass -File C:\Dropbox\01. Brain\11. GitHub\ShakerMaker\shakermaker_windows_compilation_files\SCRIPTS\02_shakermaker_junction.ps1
Process ID: 12268
PSVersion: 5.1.26100.7920
PSEdition: Desktop
PSCompatibleVersions: 1.0, 2.0, 3.0, 4.0, 5.0, 5.1.26100.7920
BuildVersion: 10.0.26100.7920
CLRVersion: 4.0.30319.42000
WSManStackVersion: 3.0
PSRemotingProtocolVersion: 2.3
SerializationVersion: 1.1.0.1
**********************

======================================================================
  STEP 1 - Check Existing Junction
======================================================================
  [--]  No junction found at C:\shakermaker_compiler\ShakerMaker - will create

======================================================================
  STEP 2 - ShakerMaker Source Location
======================================================================

  Source path found in shakermaker.cfg:
  C:\Dropbox\01. Brain\11. GitHub\ShakerMaker

  [OK]  Source path validated: C:\Dropbox\01. Brain\11. GitHub\ShakerMaker

======================================================================
  STEP 3 - Create Junction
======================================================================
  [OK]  Created directory: C:\shakermaker_compiler
  [OK]  Junction created successfully
          C:\shakermaker_compiler\ShakerMaker
          => C:\Dropbox\01. Brain\11. GitHub\ShakerMaker

======================================================================
  STEP 4 - Update Config File
======================================================================
  [OK]  SHAKERMAKER_SOURCE saved to shakermaker.cfg

======================================================================
  STEP 5 - Verify Junction
======================================================================
  [OK]  Junction verified as reparse point
  [OK]  setup.py reachable at C:\shakermaker_compiler\ShakerMaker\setup.py : True

======================================================================
  Junction setup complete!
  Junction : C:\shakermaker_compiler\ShakerMaker
  Source   : C:\Dropbox\01. Brain\11. GitHub\ShakerMaker
  Log      : C:\Users\ppala\shakermaker_junction.log
  Next     : Run Step 3 - Build and Compile
======================================================================

**********************
Windows PowerShell transcript end
End time: 20260314213208
**********************
**********************
Windows PowerShell transcript start
Start time: 20260314213210
Username: MARTHA\ppala
RunAs User: MARTHA\ppala
Configuration Name: 
Machine: MARTHA (Microsoft Windows NT 10.0.26200.0)
Host Application: PowerShell -ExecutionPolicy Bypass -File C:\Dropbox\01. Brain\11. GitHub\ShakerMaker\shakermaker_windows_compilation_files\SCRIPTS\03_shakermaker_build.ps1
Process ID: 24604
PSVersion: 5.1.26100.7920
PSEdition: Desktop
PSCompatibleVersions: 1.0, 2.0, 3.0, 4.0, 5.0, 5.1.26100.7920
BuildVersion: 10.0.26100.7920
CLRVersion: 4.0.30319.42000
WSManStackVersion: 3.0
PSRemotingProtocolVersion: 2.3
SerializationVersion: 1.1.0.1
**********************

======================================================================
  STEP 1 - Pre-Build Checks
======================================================================
  [OK]  Junction found: C:\shakermaker_compiler\ShakerMaker
  [OK]  Virtual environment found: C:\Users\ppala\shakermaker_venv
  [OK]  Visual Studio 2022 found
  [OK]  Intel ifx found

======================================================================
  STEP 2 - Create ifort.bat Wrapper
======================================================================
  [OK]  ifort.bat wrapper already exists

======================================================================
  STEP 3 - Run Build via CMD
======================================================================

  The build requires a CMD environment with VS and Intel compilers.
  Launching build subprocess now...

